<?xml version="1.0" encoding="UTF-8"?>
<testng-results ignored="0" total="1" passed="1" failed="0" skipped="0">
  <reporter-output>
  </reporter-output>
  <suite started-at="2023-04-20T14:54:39 IST" name="Default suite" finished-at="2023-04-20T14:54:42 IST" duration-ms="2318">
    <groups>
    </groups>
    <test started-at="2023-04-20T14:54:39 IST" name="Default test" finished-at="2023-04-20T14:54:42 IST" duration-ms="2318">
      <class name="com.LibraryAPI.StaticJson">
        <test-method signature="addPlace()[pri:0, instance:com.LibraryAPI.StaticJson@5ace1ed4]" started-at="2023-04-20T14:54:39 IST" name="addPlace" finished-at="2023-04-20T14:54:42 IST" duration-ms="2290" status="PASS">
          <reporter-output>
          </reporter-output>
        </test-method> <!-- addPlace -->
      </class> <!-- com.LibraryAPI.StaticJson -->
    </test> <!-- Default test -->
  </suite> <!-- Default suite -->
</testng-results>
